2026-07-19 10:14:07 [main] INFO  c.e.multi_stage_price.MultiStagePriceApplication - Starting MultiStagePriceApplication using Java 21.0.11 with PID 76102 (/Users/jiangzi/IdeaProjects/multi-stage-price/target/classes started by jiangzi in /Users/jiangzi/IdeaProjects)
2026-07-19 10:14:07 [main] INFO  c.e.multi_stage_price.MultiStagePriceApplication - No active profile set, falling back to 1 default profile: "default"
2026-07-19 10:14:07 [main] INFO  o.s.d.r.config.RepositoryConfigurationDelegate - Multiple Spring Data modules found, entering strict repository configuration mode
2026-07-19 10:14:07 [main] INFO  o.s.d.r.config.RepositoryConfigurationDelegate - Bootstrapping Spring Data Redis repositories in DEFAULT mode.
2026-07-19 10:14:07 [main] INFO  o.s.d.r.config.RepositoryConfigurationDelegate - Finished Spring Data repository scanning in 4 ms. Found 0 Redis repository interfaces.
2026-07-19 10:14:07 [main] INFO  org.springframework.boot.tomcat.TomcatWebServer - Tomcat initialized with port 8083 (http)
2026-07-19 10:14:07 [main] INFO  org.apache.coyote.http11.Http11NioProtocol - Initializing ProtocolHandler ["http-nio-8083"]
2026-07-19 10:14:07 [main] INFO  org.apache.catalina.core.StandardService - Starting service [Tomcat]
2026-07-19 10:14:07 [main] INFO  org.apache.catalina.core.StandardEngine - Starting Servlet engine: [Apache Tomcat/11.0.21]
2026-07-19 10:14:07 [main] INFO  o.s.b.w.c.servlet.WebApplicationContextInitializer - Root WebApplicationContext: initialization completed in 517 ms
2026-07-19 10:14:07 [main] WARN  i.n.resolver.dns.DnsServerAddressStreamProviders - Can not find io.netty.resolver.dns.macos.MacOSDnsServerAddressStreamProvider in the classpath, fallback to system defaults. This may result in incorrect DNS resolutions on MacOS. Check whether you have a dependency on 'io.netty:netty-resolver-dns-native-macos'
2026-07-19 10:14:08 [main] INFO  org.apache.coyote.http11.Http11NioProtocol - Starting ProtocolHandler ["http-nio-8083"]
2026-07-19 10:14:08 [main] INFO  org.springframework.boot.tomcat.TomcatWebServer - Tomcat started on port 8083 (http) with context path '/'
2026-07-19 10:14:08 [main] INFO  c.e.multi_stage_price.MultiStagePriceApplication - Started MultiStagePriceApplication in 1.178 seconds (process running for 1.447)
2026-07-19 10:15:15 [http-nio-8083-exec-1] INFO  o.a.c.core.ContainerBase.[Tomcat].[localhost].[/] - Initializing Spring DispatcherServlet 'dispatcherServlet'
2026-07-19 10:15:15 [http-nio-8083-exec-1] INFO  org.springframework.web.servlet.DispatcherServlet - Initializing Servlet 'dispatcherServlet'
2026-07-19 10:15:15 [http-nio-8083-exec-1] INFO  org.springframework.web.servlet.DispatcherServlet - Completed initialization in 3 ms
2026-07-19 10:15:15 [http-nio-8083-exec-1] INFO  com.zaxxer.hikari.HikariDataSource - HikariPool-1 - Starting...
2026-07-19 10:15:16 [http-nio-8083-exec-1] INFO  com.zaxxer.hikari.pool.HikariPool - HikariPool-1 - Added connection com.mysql.cj.jdbc.ConnectionImpl@3f385d93
2026-07-19 10:15:16 [http-nio-8083-exec-1] INFO  com.zaxxer.hikari.HikariDataSource - HikariPool-1 - Start completed.
2026-07-19 10:15:16 [http-nio-8083-exec-1] INFO  c.e.multi_stage_price.service.Impl.SyncServiceImpl - stage rule: totalDuration < 160 ? 0 :
totalDuration < 320 ? 1 :
totalDuration < 640 ? 2 :
totalDuration < 960 ? 3 :
totalDuration < 1280 ? 4 :
totalDuration < 1600 ? 5 :
totalDuration < 3200 ? 6 :
totalDuration < 6400 ? 7 : 8
2026-07-19 10:15:16 [http-nio-8083-exec-1] INFO  c.e.multi_stage_price.service.Impl.SyncServiceImpl - stage level: 0
2026-07-19 10:15:16 [http-nio-8083-exec-1] INFO  c.e.multi_stage_price.service.Impl.SyncServiceImpl - amount rule: totalDuration < 160 ? 0 :
totalDuration < 320 ? 1 :
totalDuration < 640 ? 1 :
totalDuration < 960 ? 2 :
totalDuration < 1280 ? 2 :
totalDuration < 1600 ? 2 :
totalDuration < 3200 ? 2 :
totalDuration < 6400 ? 10 : 10
2026-07-19 10:15:16 [http-nio-8083-exec-1] INFO  c.e.multi_stage_price.service.Impl.SyncServiceImpl - amount: 0
2026-07-19 10:15:45 [http-nio-8083-exec-2] INFO  c.e.multi_stage_price.service.Impl.SyncServiceImpl - stage rule: totalDuration < 160 ? 0 :
totalDuration < 320 ? 1 :
totalDuration < 640 ? 2 :
totalDuration < 960 ? 3 :
totalDuration < 1280 ? 4 :
totalDuration < 1600 ? 5 :
totalDuration < 3200 ? 6 :
totalDuration < 6400 ? 7 : 8
2026-07-19 10:15:45 [http-nio-8083-exec-2] INFO  c.e.multi_stage_price.service.Impl.SyncServiceImpl - stage level: 0
2026-07-19 10:15:45 [http-nio-8083-exec-2] INFO  c.e.multi_stage_price.service.Impl.SyncServiceImpl - amount rule: totalDuration < 160 ? 0 :
totalDuration < 320 ? 1 :
totalDuration < 640 ? 1 :
totalDuration < 960 ? 2 :
totalDuration < 1280 ? 2 :
totalDuration < 1600 ? 2 :
totalDuration < 3200 ? 2 :
totalDuration < 6400 ? 10 : 10
2026-07-19 10:15:45 [http-nio-8083-exec-2] INFO  c.e.multi_stage_price.service.Impl.SyncServiceImpl - amount: 0
2026-07-19 10:16:15 [http-nio-8083-exec-3] INFO  c.e.multi_stage_price.service.Impl.SyncServiceImpl - stage rule: totalDuration < 160 ? 0 :
totalDuration < 320 ? 1 :
totalDuration < 640 ? 2 :
totalDuration < 960 ? 3 :
totalDuration < 1280 ? 4 :
totalDuration < 1600 ? 5 :
totalDuration < 3200 ? 6 :
totalDuration < 6400 ? 7 : 8
2026-07-19 10:16:15 [http-nio-8083-exec-3] INFO  c.e.multi_stage_price.service.Impl.SyncServiceImpl - stage level: 0
2026-07-19 10:16:15 [http-nio-8083-exec-3] INFO  c.e.multi_stage_price.service.Impl.SyncServiceImpl - amount rule: totalDuration < 160 ? 0 :
totalDuration < 320 ? 1 :
totalDuration < 640 ? 1 :
totalDuration < 960 ? 2 :
totalDuration < 1280 ? 2 :
totalDuration < 1600 ? 2 :
totalDuration < 3200 ? 2 :
totalDuration < 6400 ? 10 : 10
2026-07-19 10:16:15 [http-nio-8083-exec-3] INFO  c.e.multi_stage_price.service.Impl.SyncServiceImpl - amount: 0
2026-07-19 10:16:45 [http-nio-8083-exec-4] INFO  c.e.multi_stage_price.service.Impl.SyncServiceImpl - stage rule: totalDuration < 160 ? 0 :
totalDuration < 320 ? 1 :
totalDuration < 640 ? 2 :
totalDuration < 960 ? 3 :
totalDuration < 1280 ? 4 :
totalDuration < 1600 ? 5 :
totalDuration < 3200 ? 6 :
totalDuration < 6400 ? 7 : 8
2026-07-19 10:16:45 [http-nio-8083-exec-4] INFO  c.e.multi_stage_price.service.Impl.SyncServiceImpl - stage level: 0
2026-07-19 10:16:45 [http-nio-8083-exec-4] INFO  c.e.multi_stage_price.service.Impl.SyncServiceImpl - amount rule: totalDuration < 160 ? 0 :
totalDuration < 320 ? 1 :
totalDuration < 640 ? 1 :
totalDuration < 960 ? 2 :
totalDuration < 1280 ? 2 :
totalDuration < 1600 ? 2 :
totalDuration < 3200 ? 2 :
totalDuration < 6400 ? 10 : 10
2026-07-19 10:16:45 [http-nio-8083-exec-4] INFO  c.e.multi_stage_price.service.Impl.SyncServiceImpl - amount: 0
2026-07-19 10:17:15 [http-nio-8083-exec-5] INFO  c.e.multi_stage_price.service.Impl.SyncServiceImpl - stage rule: totalDuration < 160 ? 0 :
totalDuration < 320 ? 1 :
totalDuration < 640 ? 2 :
totalDuration < 960 ? 3 :
totalDuration < 1280 ? 4 :
totalDuration < 1600 ? 5 :
totalDuration < 3200 ? 6 :
totalDuration < 6400 ? 7 : 8
2026-07-19 10:17:15 [http-nio-8083-exec-5] INFO  c.e.multi_stage_price.service.Impl.SyncServiceImpl - stage level: 0
2026-07-19 10:17:15 [http-nio-8083-exec-5] INFO  c.e.multi_stage_price.service.Impl.SyncServiceImpl - amount rule: totalDuration < 160 ? 0 :
totalDuration < 320 ? 1 :
totalDuration < 640 ? 1 :
totalDuration < 960 ? 2 :
totalDuration < 1280 ? 2 :
totalDuration < 1600 ? 2 :
totalDuration < 3200 ? 2 :
totalDuration < 6400 ? 10 : 10
2026-07-19 10:17:15 [http-nio-8083-exec-5] INFO  c.e.multi_stage_price.service.Impl.SyncServiceImpl - amount: 0
2026-07-19 10:17:45 [http-nio-8083-exec-6] INFO  c.e.multi_stage_price.service.Impl.SyncServiceImpl - stage rule: totalDuration < 160 ? 0 :
totalDuration < 320 ? 1 :
totalDuration < 640 ? 2 :
totalDuration < 960 ? 3 :
totalDuration < 1280 ? 4 :
totalDuration < 1600 ? 5 :
totalDuration < 3200 ? 6 :
totalDuration < 6400 ? 7 : 8
2026-07-19 10:17:45 [http-nio-8083-exec-6] INFO  c.e.multi_stage_price.service.Impl.SyncServiceImpl - stage level: 1
2026-07-19 10:17:45 [http-nio-8083-exec-6] INFO  c.e.multi_stage_price.service.Impl.SyncServiceImpl - amount rule: totalDuration < 160 ? 0 :
totalDuration < 320 ? 1 :
totalDuration < 640 ? 1 :
totalDuration < 960 ? 2 :
totalDuration < 1280 ? 2 :
totalDuration < 1600 ? 2 :
totalDuration < 3200 ? 2 :
totalDuration < 6400 ? 10 : 10
2026-07-19 10:17:45 [http-nio-8083-exec-6] INFO  c.e.multi_stage_price.service.Impl.SyncServiceImpl - amount: 1
2026-07-19 10:17:51 [http-nio-8083-exec-7] INFO  c.e.multi_stage_price.service.Impl.SyncServiceImpl - stage rule: totalDuration < 160 ? 0 :
totalDuration < 320 ? 1 :
totalDuration < 640 ? 2 :
totalDuration < 960 ? 3 :
totalDuration < 1280 ? 4 :
totalDuration < 1600 ? 5 :
totalDuration < 3200 ? 6 :
totalDuration < 6400 ? 7 : 8
2026-07-19 10:17:51 [http-nio-8083-exec-7] INFO  c.e.multi_stage_price.service.Impl.SyncServiceImpl - stage level: 1
2026-07-19 10:17:51 [http-nio-8083-exec-7] INFO  c.e.multi_stage_price.service.Impl.SyncServiceImpl - amount rule: totalDuration < 160 ? 0 :
totalDuration < 320 ? 1 :
totalDuration < 640 ? 1 :
totalDuration < 960 ? 2 :
totalDuration < 1280 ? 2 :
totalDuration < 1600 ? 2 :
totalDuration < 3200 ? 2 :
totalDuration < 6400 ? 10 : 10
2026-07-19 10:17:51 [http-nio-8083-exec-7] INFO  c.e.multi_stage_price.service.Impl.SyncServiceImpl - amount: 1
2026-07-19 10:17:51 [http-nio-8083-exec-7] WARN  c.e.m.intergration.SendCoinIntegration - fail to send price, soundCode=Coin_1, amount=1, outBizNo=PLAY_REWARD_4_Coin_1_2026-07-19_1_1
2026-07-19 10:17:51 [http-nio-8083-exec-7] INFO  c.e.multi_stage_price.service.Impl.SyncServiceImpl - stage = 1, 本阶段已发放
2026-07-19 10:19:29 [http-nio-8083-exec-9] INFO  c.e.multi_stage_price.service.Impl.SyncServiceImpl - stage rule: totalDuration < 160 ? 0 :
totalDuration < 320 ? 1 :
totalDuration < 640 ? 2 :
totalDuration < 960 ? 3 :
totalDuration < 1280 ? 4 :
totalDuration < 1600 ? 5 :
totalDuration < 3200 ? 6 :
totalDuration < 6400 ? 7 : 8
2026-07-19 10:19:29 [http-nio-8083-exec-9] INFO  c.e.multi_stage_price.service.Impl.SyncServiceImpl - stage level: 1
2026-07-19 10:19:29 [http-nio-8083-exec-9] INFO  c.e.multi_stage_price.service.Impl.SyncServiceImpl - amount rule: totalDuration < 160 ? 0 :
totalDuration < 320 ? 1 :
totalDuration < 640 ? 1 :
totalDuration < 960 ? 2 :
totalDuration < 1280 ? 2 :
totalDuration < 1600 ? 2 :
totalDuration < 3200 ? 2 :
totalDuration < 6400 ? 10 : 10
2026-07-19 10:19:29 [http-nio-8083-exec-9] INFO  c.e.multi_stage_price.service.Impl.SyncServiceImpl - amount: 1
2026-07-19 10:19:29 [http-nio-8083-exec-9] WARN  c.e.m.intergration.SendCoinIntegration - fail to send price, soundCode=Coin_1, amount=1, outBizNo=PLAY_REWARD_4_Coin_1_2026-07-19_1_1
2026-07-19 10:19:29 [http-nio-8083-exec-9] INFO  c.e.multi_stage_price.service.Impl.SyncServiceImpl - stage = 1, 本阶段已发放
2026-07-19 10:19:32 [http-nio-8083-exec-10] INFO  c.e.multi_stage_price.service.Impl.SyncServiceImpl - stage rule: totalDuration < 160 ? 0 :
totalDuration < 320 ? 1 :
totalDuration < 640 ? 2 :
totalDuration < 960 ? 3 :
totalDuration < 1280 ? 4 :
totalDuration < 1600 ? 5 :
totalDuration < 3200 ? 6 :
totalDuration < 6400 ? 7 : 8
2026-07-19 10:19:32 [http-nio-8083-exec-10] INFO  c.e.multi_stage_price.service.Impl.SyncServiceImpl - stage level: 1
2026-07-19 10:19:32 [http-nio-8083-exec-10] INFO  c.e.multi_stage_price.service.Impl.SyncServiceImpl - amount rule: totalDuration < 160 ? 0 :
totalDuration < 320 ? 1 :
totalDuration < 640 ? 1 :
totalDuration < 960 ? 2 :
totalDuration < 1280 ? 2 :
totalDuration < 1600 ? 2 :
totalDuration < 3200 ? 2 :
totalDuration < 6400 ? 10 : 10
2026-07-19 10:19:32 [http-nio-8083-exec-10] INFO  c.e.multi_stage_price.service.Impl.SyncServiceImpl - amount: 1
2026-07-19 10:19:32 [http-nio-8083-exec-10] WARN  c.e.m.intergration.SendCoinIntegration - fail to send price, soundCode=Coin_1, amount=1, outBizNo=PLAY_REWARD_4_Coin_1_2026-07-19_1_1
2026-07-19 10:19:32 [http-nio-8083-exec-10] INFO  c.e.multi_stage_price.service.Impl.SyncServiceImpl - stage = 1, 本阶段已发放
2026-07-19 10:25:11 [http-nio-8083-exec-2] INFO  c.e.multi_stage_price.service.Impl.SyncServiceImpl - stage rule: totalDuration < 160 ? 0 :
totalDuration < 320 ? 1 :
totalDuration < 640 ? 2 :
totalDuration < 960 ? 3 :
totalDuration < 1280 ? 4 :
totalDuration < 1600 ? 5 :
totalDuration < 3200 ? 6 :
totalDuration < 6400 ? 7 : 8
2026-07-19 10:25:11 [http-nio-8083-exec-2] INFO  c.e.multi_stage_price.service.Impl.SyncServiceImpl - stage level: 1
2026-07-19 10:25:11 [http-nio-8083-exec-2] INFO  c.e.multi_stage_price.service.Impl.SyncServiceImpl - amount rule: totalDuration < 160 ? 0 :
totalDuration < 320 ? 1 :
totalDuration < 640 ? 1 :
totalDuration < 960 ? 2 :
totalDuration < 1280 ? 2 :
totalDuration < 1600 ? 2 :
totalDuration < 3200 ? 2 :
totalDuration < 6400 ? 10 : 10
2026-07-19 10:25:11 [http-nio-8083-exec-2] INFO  c.e.multi_stage_price.service.Impl.SyncServiceImpl - amount: 1
2026-07-19 10:25:11 [http-nio-8083-exec-2] INFO  c.e.multi_stage_price.service.Impl.SyncServiceImpl - stage = 1, 本阶段已发放
2026-07-19 10:26:11 [http-nio-8083-exec-3] INFO  c.e.multi_stage_price.service.Impl.SyncServiceImpl - stage rule: totalDuration < 160 ? 0 :
totalDuration < 320 ? 1 :
totalDuration < 640 ? 2 :
totalDuration < 960 ? 3 :
totalDuration < 1280 ? 4 :
totalDuration < 1600 ? 5 :
totalDuration < 3200 ? 6 :
totalDuration < 6400 ? 7 : 8
2026-07-19 10:26:11 [http-nio-8083-exec-3] INFO  c.e.multi_stage_price.service.Impl.SyncServiceImpl - stage level: 1
2026-07-19 10:26:11 [http-nio-8083-exec-3] INFO  c.e.multi_stage_price.service.Impl.SyncServiceImpl - amount rule: totalDuration < 160 ? 0 :
totalDuration < 320 ? 1 :
totalDuration < 640 ? 1 :
totalDuration < 960 ? 2 :
totalDuration < 1280 ? 2 :
totalDuration < 1600 ? 2 :
totalDuration < 3200 ? 2 :
totalDuration < 6400 ? 10 : 10
2026-07-19 10:26:11 [http-nio-8083-exec-3] INFO  c.e.multi_stage_price.service.Impl.SyncServiceImpl - amount: 1
2026-07-19 10:26:11 [http-nio-8083-exec-3] INFO  c.e.multi_stage_price.service.Impl.SyncServiceImpl - stage = 1, 本阶段已发放
2026-07-19 10:26:53 [http-nio-8083-exec-4] INFO  c.e.multi_stage_price.service.Impl.SyncServiceImpl - stage rule: totalDuration < 160 ? 0 :
totalDuration < 320 ? 1 :
totalDuration < 640 ? 2 :
totalDuration < 960 ? 3 :
totalDuration < 1280 ? 4 :
totalDuration < 1600 ? 5 :
totalDuration < 3200 ? 6 :
totalDuration < 6400 ? 7 : 8
2026-07-19 10:26:53 [http-nio-8083-exec-4] INFO  c.e.multi_stage_price.service.Impl.SyncServiceImpl - stage level: 1
2026-07-19 10:26:53 [http-nio-8083-exec-4] INFO  c.e.multi_stage_price.service.Impl.SyncServiceImpl - amount rule: totalDuration < 160 ? 0 :
totalDuration < 320 ? 1 :
totalDuration < 640 ? 1 :
totalDuration < 960 ? 2 :
totalDuration < 1280 ? 2 :
totalDuration < 1600 ? 2 :
totalDuration < 3200 ? 2 :
totalDuration < 6400 ? 10 : 10
2026-07-19 10:26:53 [http-nio-8083-exec-4] INFO  c.e.multi_stage_price.service.Impl.SyncServiceImpl - amount: 1
2026-07-19 10:26:53 [http-nio-8083-exec-4] INFO  c.e.multi_stage_price.service.Impl.SyncServiceImpl - stage = 1, 本阶段已发放
2026-07-19 10:27:22 [http-nio-8083-exec-5] INFO  c.e.multi_stage_price.service.Impl.SyncServiceImpl - stage rule: totalDuration < 160 ? 0 :
totalDuration < 320 ? 1 :
totalDuration < 640 ? 2 :
totalDuration < 960 ? 3 :
totalDuration < 1280 ? 4 :
totalDuration < 1600 ? 5 :
totalDuration < 3200 ? 6 :
totalDuration < 6400 ? 7 : 8
2026-07-19 10:27:22 [http-nio-8083-exec-5] INFO  c.e.multi_stage_price.service.Impl.SyncServiceImpl - stage level: 1
2026-07-19 10:27:22 [http-nio-8083-exec-5] INFO  c.e.multi_stage_price.service.Impl.SyncServiceImpl - amount rule: totalDuration < 160 ? 0 :
totalDuration < 320 ? 1 :
totalDuration < 640 ? 1 :
totalDuration < 960 ? 2 :
totalDuration < 1280 ? 2 :
totalDuration < 1600 ? 2 :
totalDuration < 3200 ? 2 :
totalDuration < 6400 ? 10 : 10
2026-07-19 10:27:22 [http-nio-8083-exec-5] INFO  c.e.multi_stage_price.service.Impl.SyncServiceImpl - amount: 1
2026-07-19 10:27:22 [http-nio-8083-exec-5] INFO  c.e.multi_stage_price.service.Impl.SyncServiceImpl - stage = 1, 本阶段已发放
2026-07-19 10:27:52 [http-nio-8083-exec-6] INFO  c.e.multi_stage_price.service.Impl.SyncServiceImpl - stage rule: totalDuration < 160 ? 0 :
totalDuration < 320 ? 1 :
totalDuration < 640 ? 2 :
totalDuration < 960 ? 3 :
totalDuration < 1280 ? 4 :
totalDuration < 1600 ? 5 :
totalDuration < 3200 ? 6 :
totalDuration < 6400 ? 7 : 8
2026-07-19 10:27:52 [http-nio-8083-exec-6] INFO  c.e.multi_stage_price.service.Impl.SyncServiceImpl - stage level: 2
2026-07-19 10:27:52 [http-nio-8083-exec-6] INFO  c.e.multi_stage_price.service.Impl.SyncServiceImpl - amount rule: totalDuration < 160 ? 0 :
totalDuration < 320 ? 1 :
totalDuration < 640 ? 1 :
totalDuration < 960 ? 2 :
totalDuration < 1280 ? 2 :
totalDuration < 1600 ? 2 :
totalDuration < 3200 ? 2 :
totalDuration < 6400 ? 10 : 10
2026-07-19 10:27:52 [http-nio-8083-exec-6] INFO  c.e.multi_stage_price.service.Impl.SyncServiceImpl - amount: 1
2026-07-19 10:28:14 [http-nio-8083-exec-7] INFO  c.e.multi_stage_price.service.Impl.SyncServiceImpl - stage rule: totalDuration < 160 ? 0 :
totalDuration < 320 ? 1 :
totalDuration < 640 ? 2 :
totalDuration < 960 ? 3 :
totalDuration < 1280 ? 4 :
totalDuration < 1600 ? 5 :
totalDuration < 3200 ? 6 :
totalDuration < 6400 ? 7 : 8
2026-07-19 10:28:14 [http-nio-8083-exec-7] INFO  c.e.multi_stage_price.service.Impl.SyncServiceImpl - stage level: 2
2026-07-19 10:28:14 [http-nio-8083-exec-7] INFO  c.e.multi_stage_price.service.Impl.SyncServiceImpl - amount rule: totalDuration < 160 ? 0 :
totalDuration < 320 ? 1 :
totalDuration < 640 ? 1 :
totalDuration < 960 ? 2 :
totalDuration < 1280 ? 2 :
totalDuration < 1600 ? 2 :
totalDuration < 3200 ? 2 :
totalDuration < 6400 ? 10 : 10
2026-07-19 10:28:14 [http-nio-8083-exec-7] INFO  c.e.multi_stage_price.service.Impl.SyncServiceImpl - amount: 1
2026-07-19 10:28:14 [http-nio-8083-exec-7] INFO  c.e.multi_stage_price.service.Impl.SyncServiceImpl - stage = 2, 本阶段已发放
